<?xml version="1.0" encoding="UTF-8"?>
<!-- Generated by org.testng.reporters.JUnitXMLReporter -->
<testsuite ignored="0" hostname="Thanishas-MacBook-Pro.local" failures="0" tests="4" name="LoginPageTestSuite" time="44.916" errors="0" timestamp="2022-05-25T15:40:52 IST">
  <testcase classname="LoginPageTest" name="validateDisplayOfShopByCategorySection" time="0.106"/>
  <testcase classname="LoginPageTest" name="validateDisplayOfTopBrandsSection" time="0.112"/>
  <testcase classname="LoginPageTest" name="validateLoginTest" time="20.85"/>
  <testcase classname="LoginPageTest" name="validateLogo" time="0.037"/>
</testsuite> <!-- LoginPageTestSuite -->
