<?xml version="1.0" encoding="UTF-8"?>
<!-- Generated by org.testng.reporters.JUnitXMLReporter -->
<testsuite ignored="0" hostname="Thanishas-MacBook-Pro.local" failures="0" tests="4" name="LoginTest" time="45.018" errors="0" timestamp="2022-05-25T15:55:37 IST">
  <testcase classname="LoginPageTest" name="validateDisplayOfShopByCategorySection" time="0.114"/>
  <testcase classname="LoginPageTest" name="validateDisplayOfTopBrandsSection" time="0.083"/>
  <testcase classname="LoginPageTest" name="validateLoginTest" time="20.83"/>
  <testcase classname="LoginPageTest" name="validateLogo" time="0.041"/>
</testsuite> <!-- LoginTest -->
